2025-08-24 12:44:03,216 - __main__ - WARNING - ==============================CREATE_KEYPAIR==============================
2025-08-24 12:44:03,217 - __main__ - INFO - ✅ Keypair criado com sucesso
2025-08-24 12:44:03,217 - __main__ - INFO - 📍 Public Key: GBJ5W7X66THQ7Y3M22K75N7PHJVYWWLYP3APHINRCIFLG6UZBI7BFD5J
2025-08-24 12:44:03,217 - __main__ - INFO - 🔐 Secret Key: SCV4NEXOJDRYDF7HYM3ZP6XAKBENVRKUJUOXIEPALUBIUGIBF6FHZR7M
2025-08-24 12:44:03,217 - __main__ - WARNING - ==============================GET_RANK==============================
2025-08-24 12:44:03,217 - __main__ - INFO - Starting invoke_function for get_rank
2025-08-24 12:44:03,217 - __main__ - INFO - Contract ID: CB5MPSENBBJ264MNUTIH3G5HSGNUENWZZ6353B2OJBSQG6YMPVIZJH63
2025-08-24 12:44:03,217 - __main__ - INFO - Parameters: []
2025-08-24 12:44:03,811 - __main__ - INFO - Loaded account for GBJ5W7X66THQ7Y3M22K75N7PHJVYWWLYP3APHINRCIFLG6UZBI7BFD5J
2025-08-24 12:44:03,812 - __main__ - INFO - Transaction built successfully
2025-08-24 12:44:03,973 - __main__ - INFO - Transaction simulated successfully
2025-08-24 12:44:34,632 - __main__ - WARNING - ==============================CREATE_KEYPAIR==============================
2025-08-24 12:44:34,633 - __main__ - INFO - ✅ Keypair criado com sucesso
2025-08-24 12:44:34,633 - __main__ - INFO - 📍 Public Key: GBJ5W7X66THQ7Y3M22K75N7PHJVYWWLYP3APHINRCIFLG6UZBI7BFD5J
2025-08-24 12:44:34,633 - __main__ - INFO - 🔐 Secret Key: SCV4NEXOJDRYDF7HYM3ZP6XAKBENVRKUJUOXIEPALUBIUGIBF6FHZR7M
2025-08-24 12:44:34,634 - __main__ - WARNING - ==============================GET_RANK==============================
2025-08-24 12:44:34,634 - __main__ - INFO - Starting invoke_function for get_rank
2025-08-24 12:44:34,634 - __main__ - INFO - Contract ID: CB5MPSENBBJ264MNUTIH3G5HSGNUENWZZ6353B2OJBSQG6YMPVIZJH63
2025-08-24 12:44:34,634 - __main__ - INFO - Parameters: []
2025-08-24 12:44:35,274 - __main__ - INFO - Loaded account for GBJ5W7X66THQ7Y3M22K75N7PHJVYWWLYP3APHINRCIFLG6UZBI7BFD5J
2025-08-24 12:44:35,275 - __main__ - INFO - Transaction built successfully
2025-08-24 12:44:35,444 - __main__ - INFO - Transaction simulated successfully
2025-08-24 12:45:07,481 - __main__ - WARNING - ==============================CREATE_KEYPAIR==============================
2025-08-24 12:45:07,481 - __main__ - INFO - ✅ Keypair criado com sucesso
2025-08-24 12:45:07,481 - __main__ - INFO - 📍 Public Key: GBJ5W7X66THQ7Y3M22K75N7PHJVYWWLYP3APHINRCIFLG6UZBI7BFD5J
2025-08-24 12:45:07,481 - __main__ - INFO - 🔐 Secret Key: SCV4NEXOJDRYDF7HYM3ZP6XAKBENVRKUJUOXIEPALUBIUGIBF6FHZR7M
2025-08-24 12:45:07,482 - __main__ - WARNING - ==============================GET_RANK==============================
2025-08-24 12:45:07,482 - __main__ - INFO - Starting invoke_function for get_rank
2025-08-24 12:45:07,482 - __main__ - INFO - Contract ID: CB5MPSENBBJ264MNUTIH3G5HSGNUENWZZ6353B2OJBSQG6YMPVIZJH63
2025-08-24 12:45:07,483 - __main__ - INFO - Parameters: []
2025-08-24 12:45:08,082 - __main__ - INFO - Loaded account for GBJ5W7X66THQ7Y3M22K75N7PHJVYWWLYP3APHINRCIFLG6UZBI7BFD5J
2025-08-24 12:45:08,083 - __main__ - INFO - Transaction built successfully
2025-08-24 12:45:08,247 - __main__ - INFO - Transaction simulated successfully
2025-08-24 12:45:08,247 - __main__ - INFO - error=None transaction_data='AAAAAAAAAAMAAAAGAAAAAXrHyI0IU69xjaTQfZunkZtCNtnPt92HTkhlA3sMfVGUAAAAEAAAAAEAAAABAAAADwAAAARSYW5rAAAAAQAAAAYAAAABesfIjQhTr3GNpNB9m6eRm0I22c+33YdOSGUDewx9UZQAAAAUAAAAAQAAAAdZq7Ky0+YQhbJcPOUVRlBELr57SKiqBfLC0MFlpHyA4gAAAAAABvMFAAAAAAAAAAAAAAAAAADJxw==' min_resource_fee=51655 events=['AAAAAQAAAAAAAAAAAAAAAgAAAAAAAAADAAAADwAAAAdmbl9jYWxsAAAAAA0AAAAgesfIjQhTr3GNpNB9m6eRm0I22c+33YdOSGUDewx9UZQAAAAPAAAACGdldF9yYW5rAAAAAQ==', 'AAAAAQAAAAAAAAABesfIjQhTr3GNpNB9m6eRm0I22c+33YdOSGUDewx9UZQAAAACAAAAAAAAAAIAAAAPAAAACWZuX3JldHVybgAAAAAAAA8AAAAIZ2V0X3JhbmsAAAAQAAAAAQAAAAA='] results=[SimulateHostFunctionResult(auth=[], xdr='AAAAEAAAAAEAAAAA')] restore_preamble=None state_changes=None latest_ledger=171392
2025-08-24 12:46:26,930 - __main__ - WARNING - ==============================CREATE_KEYPAIR==============================
2025-08-24 12:46:26,930 - __main__ - INFO - ✅ Keypair criado com sucesso
2025-08-24 12:46:26,930 - __main__ - INFO - 📍 Public Key: GBJ5W7X66THQ7Y3M22K75N7PHJVYWWLYP3APHINRCIFLG6UZBI7BFD5J
2025-08-24 12:46:26,930 - __main__ - INFO - 🔐 Secret Key: SCV4NEXOJDRYDF7HYM3ZP6XAKBENVRKUJUOXIEPALUBIUGIBF6FHZR7M
2025-08-24 12:46:26,932 - __main__ - WARNING - ==============================GET_RANK==============================
2025-08-24 12:46:26,932 - __main__ - INFO - Starting invoke_function for get_rank
2025-08-24 12:46:26,932 - __main__ - INFO - Contract ID: CB5MPSENBBJ264MNUTIH3G5HSGNUENWZZ6353B2OJBSQG6YMPVIZJH63
2025-08-24 12:46:26,932 - __main__ - INFO - Parameters: []
2025-08-24 12:46:27,643 - __main__ - INFO - Loaded account for GBJ5W7X66THQ7Y3M22K75N7PHJVYWWLYP3APHINRCIFLG6UZBI7BFD5J
2025-08-24 12:46:27,643 - __main__ - INFO - Transaction built successfully
2025-08-24 12:46:27,823 - __main__ - INFO - Transaction simulated successfully
2025-08-24 12:46:27,823 - __main__ - INFO - error=None transaction_data='AAAAAAAAAAMAAAAGAAAAAXrHyI0IU69xjaTQfZunkZtCNtnPt92HTkhlA3sMfVGUAAAAEAAAAAEAAAABAAAADwAAAARSYW5rAAAAAQAAAAYAAAABesfIjQhTr3GNpNB9m6eRm0I22c+33YdOSGUDewx9UZQAAAAUAAAAAQAAAAdZq7Ky0+YQhbJcPOUVRlBELr57SKiqBfLC0MFlpHyA4gAAAAAABvMFAAAAAAAAAAAAAAAAAADJxw==' min_resource_fee=51655 events=['AAAAAQAAAAAAAAAAAAAAAgAAAAAAAAADAAAADwAAAAdmbl9jYWxsAAAAAA0AAAAgesfIjQhTr3GNpNB9m6eRm0I22c+33YdOSGUDewx9UZQAAAAPAAAACGdldF9yYW5rAAAAAQ==', 'AAAAAQAAAAAAAAABesfIjQhTr3GNpNB9m6eRm0I22c+33YdOSGUDewx9UZQAAAACAAAAAAAAAAIAAAAPAAAACWZuX3JldHVybgAAAAAAAA8AAAAIZ2V0X3JhbmsAAAAQAAAAAQAAAAA='] results=[SimulateHostFunctionResult(auth=[], xdr='AAAAEAAAAAEAAAAA')] restore_preamble=None state_changes=None latest_ledger=171407
2025-08-24 12:46:27,823 - __main__ - INFO - Simulation returned: []
2025-08-24 12:46:27,823 - __main__ - INFO - ✅ Resultado: []
2025-08-24 12:46:43,249 - __main__ - WARNING - ==============================CREATE_KEYPAIR==============================
2025-08-24 12:46:43,249 - __main__ - INFO - ✅ Keypair criado com sucesso
2025-08-24 12:46:43,249 - __main__ - INFO - 📍 Public Key: GBJ5W7X66THQ7Y3M22K75N7PHJVYWWLYP3APHINRCIFLG6UZBI7BFD5J
2025-08-24 12:46:43,249 - __main__ - INFO - 🔐 Secret Key: SCV4NEXOJDRYDF7HYM3ZP6XAKBENVRKUJUOXIEPALUBIUGIBF6FHZR7M
2025-08-24 12:46:43,250 - __main__ - WARNING - ==============================GET_RANK==============================
2025-08-24 12:46:43,250 - __main__ - INFO - Starting invoke_function for get_rank
2025-08-24 12:46:43,250 - __main__ - INFO - Contract ID: CB5MPSENBBJ264MNUTIH3G5HSGNUENWZZ6353B2OJBSQG6YMPVIZJH63
2025-08-24 12:46:43,250 - __main__ - INFO - Parameters: []
2025-08-24 12:46:43,746 - __main__ - INFO - Loaded account for GBJ5W7X66THQ7Y3M22K75N7PHJVYWWLYP3APHINRCIFLG6UZBI7BFD5J
2025-08-24 12:46:43,747 - __main__ - INFO - Transaction built successfully
2025-08-24 12:46:43,912 - __main__ - INFO - Transaction simulated successfully
2025-08-24 12:46:43,912 - __main__ - INFO - Simulation returned: []
2025-08-24 12:46:43,912 - __main__ - INFO - ✅ Resultado: []
2025-08-24 12:49:09,603 - __main__ - WARNING - ==============================CREATE_KEYPAIR==============================
2025-08-24 12:49:09,603 - __main__ - INFO - ✅ Keypair criado com sucesso
2025-08-24 12:49:09,603 - __main__ - INFO - 📍 Public Key: GBJ5W7X66THQ7Y3M22K75N7PHJVYWWLYP3APHINRCIFLG6UZBI7BFD5J
2025-08-24 12:49:09,603 - __main__ - INFO - 🔐 Secret Key: SCV4NEXOJDRYDF7HYM3ZP6XAKBENVRKUJUOXIEPALUBIUGIBF6FHZR7M
2025-08-24 12:49:09,606 - __main__ - WARNING - ==============================GET_RANK==============================
2025-08-24 12:49:09,606 - __main__ - INFO - Starting invoke_function for get_rank
2025-08-24 12:49:09,606 - __main__ - INFO - Contract ID: CB5MPSENBBJ264MNUTIH3G5HSGNUENWZZ6353B2OJBSQG6YMPVIZJH63
2025-08-24 12:49:09,606 - __main__ - INFO - Parameters: []
2025-08-24 12:49:10,347 - __main__ - INFO - Loaded account for GBJ5W7X66THQ7Y3M22K75N7PHJVYWWLYP3APHINRCIFLG6UZBI7BFD5J
2025-08-24 12:49:10,348 - __main__ - INFO - Transaction built successfully
2025-08-24 12:49:10,515 - __main__ - INFO - Transaction simulated successfully
2025-08-24 12:49:10,515 - __main__ - INFO - Simulation returned: []
2025-08-24 12:49:10,515 - __main__ - INFO - ✅ Resultado: []
2025-08-24 12:49:25,820 - __main__ - WARNING - ==============================CREATE_KEYPAIR==============================
2025-08-24 12:49:25,820 - __main__ - INFO - ✅ Keypair criado com sucesso
2025-08-24 12:49:25,820 - __main__ - INFO - 📍 Public Key: GBJ5W7X66THQ7Y3M22K75N7PHJVYWWLYP3APHINRCIFLG6UZBI7BFD5J
2025-08-24 12:49:25,820 - __main__ - INFO - 🔐 Secret Key: SCV4NEXOJDRYDF7HYM3ZP6XAKBENVRKUJUOXIEPALUBIUGIBF6FHZR7M
2025-08-24 12:49:25,821 - __main__ - WARNING - ==============================GET_RANK==============================
2025-08-24 12:49:25,821 - __main__ - INFO - Starting invoke_function for get_rank
2025-08-24 12:49:25,821 - __main__ - INFO - Contract ID: CB5MPSENBBJ264MNUTIH3G5HSGNUENWZZ6353B2OJBSQG6YMPVIZJH63
2025-08-24 12:49:25,821 - __main__ - INFO - Parameters: []
2025-08-24 12:49:26,455 - __main__ - INFO - Loaded account for GBJ5W7X66THQ7Y3M22K75N7PHJVYWWLYP3APHINRCIFLG6UZBI7BFD5J
2025-08-24 12:49:26,456 - __main__ - INFO - Transaction built successfully
2025-08-24 12:49:26,618 - __main__ - INFO - Transaction simulated successfully
2025-08-24 12:49:26,618 - __main__ - INFO - Simulation returned: []
2025-08-24 12:49:26,618 - __main__ - INFO - ✅ Resultado: []
2025-08-24 12:49:26,618 - __main__ - WARNING - ==============================NEW_GAME==============================
2025-08-24 12:49:26,618 - __main__ - INFO - Starting invoke_function for new_game
2025-08-24 12:49:26,619 - __main__ - INFO - Contract ID: CB5MPSENBBJ264MNUTIH3G5HSGNUENWZZ6353B2OJBSQG6YMPVIZJH63
2025-08-24 12:49:26,619 - __main__ - INFO - Parameters: ['GBJ5W7X66THQ7Y3M22K75N7PHJVYWWLYP3APHINRCIFLG6UZBI7BFD5J', 'lucas000', 77, 10]
2025-08-24 12:49:26,774 - __main__ - INFO - Loaded account for GBJ5W7X66THQ7Y3M22K75N7PHJVYWWLYP3APHINRCIFLG6UZBI7BFD5J
2025-08-24 12:49:26,774 - __main__ - INFO - Transaction built successfully
2025-08-24 12:50:08,821 - __main__ - WARNING - ==============================CREATE_KEYPAIR==============================
2025-08-24 12:50:08,821 - __main__ - INFO - ✅ Keypair criado com sucesso
2025-08-24 12:50:08,821 - __main__ - INFO - 📍 Public Key: GBJ5W7X66THQ7Y3M22K75N7PHJVYWWLYP3APHINRCIFLG6UZBI7BFD5J
2025-08-24 12:50:08,821 - __main__ - INFO - 🔐 Secret Key: SCV4NEXOJDRYDF7HYM3ZP6XAKBENVRKUJUOXIEPALUBIUGIBF6FHZR7M
2025-08-24 12:50:08,822 - __main__ - WARNING - ==============================GET_RANK==============================
2025-08-24 12:50:08,822 - __main__ - INFO - Starting invoke_function for get_rank
2025-08-24 12:50:08,822 - __main__ - INFO - Contract ID: CB5MPSENBBJ264MNUTIH3G5HSGNUENWZZ6353B2OJBSQG6YMPVIZJH63
2025-08-24 12:50:08,822 - __main__ - INFO - Parameters: []
2025-08-24 12:50:09,542 - __main__ - INFO - Loaded account for GBJ5W7X66THQ7Y3M22K75N7PHJVYWWLYP3APHINRCIFLG6UZBI7BFD5J
2025-08-24 12:50:09,542 - __main__ - INFO - Transaction built successfully
2025-08-24 12:50:09,723 - __main__ - INFO - Transaction simulated successfully
2025-08-24 12:50:09,724 - __main__ - INFO - Simulation returned: []
2025-08-24 12:50:09,724 - __main__ - INFO - ✅ Resultado: []
2025-08-24 12:50:09,724 - __main__ - WARNING - ==============================NEW_GAME==============================
2025-08-24 12:50:09,724 - __main__ - INFO - Starting invoke_function for new_game
2025-08-24 12:50:09,725 - __main__ - INFO - Contract ID: CB5MPSENBBJ264MNUTIH3G5HSGNUENWZZ6353B2OJBSQG6YMPVIZJH63
2025-08-24 12:50:09,725 - __main__ - INFO - Parameters: ['GBJ5W7X66THQ7Y3M22K75N7PHJVYWWLYP3APHINRCIFLG6UZBI7BFD5J', 'lucas000', 77, 10]
2025-08-24 12:50:09,901 - __main__ - INFO - Loaded account for GBJ5W7X66THQ7Y3M22K75N7PHJVYWWLYP3APHINRCIFLG6UZBI7BFD5J
2025-08-24 12:50:09,902 - __main__ - INFO - Transaction built successfully
2025-08-24 12:51:52,839 - __main__ - WARNING - ==============================CREATE_KEYPAIR==============================
2025-08-24 12:51:52,839 - __main__ - INFO - ✅ Keypair criado com sucesso
2025-08-24 12:51:52,839 - __main__ - INFO - 📍 Public Key: GBJ5W7X66THQ7Y3M22K75N7PHJVYWWLYP3APHINRCIFLG6UZBI7BFD5J
2025-08-24 12:51:52,839 - __main__ - INFO - 🔐 Secret Key: SCV4NEXOJDRYDF7HYM3ZP6XAKBENVRKUJUOXIEPALUBIUGIBF6FHZR7M
2025-08-24 12:51:52,840 - __main__ - WARNING - ==============================GET_RANK==============================
2025-08-24 12:51:52,840 - __main__ - INFO - Starting invoke_function for get_rank
2025-08-24 12:51:52,840 - __main__ - INFO - Contract ID: CB5MPSENBBJ264MNUTIH3G5HSGNUENWZZ6353B2OJBSQG6YMPVIZJH63
2025-08-24 12:51:52,840 - __main__ - INFO - Parameters: []
2025-08-24 12:51:53,431 - __main__ - INFO - Loaded account for GBJ5W7X66THQ7Y3M22K75N7PHJVYWWLYP3APHINRCIFLG6UZBI7BFD5J
2025-08-24 12:51:53,431 - __main__ - INFO - Transaction built successfully
2025-08-24 12:51:53,598 - __main__ - INFO - Transaction simulated successfully
2025-08-24 12:51:53,598 - __main__ - INFO - Simulation returned: []
2025-08-24 12:51:53,598 - __main__ - INFO - ✅ Resultado: []
2025-08-24 12:51:53,598 - __main__ - WARNING - ==============================NEW_GAME==============================
2025-08-24 12:51:53,598 - __main__ - INFO - Starting invoke_function for new_game
2025-08-24 12:51:53,598 - __main__ - INFO - Contract ID: CB5MPSENBBJ264MNUTIH3G5HSGNUENWZZ6353B2OJBSQG6YMPVIZJH63
2025-08-24 12:51:53,598 - __main__ - INFO - Parameters: [<SCVal [type=18, address=<SCAddress [type=0, account_id=<AccountID [account_id=<PublicKey [type=0, ed25519=<Uint256 [uint256=b'S\xdb~\xfe\xf4\xcf\x0f\xe3l\xd6\x95\xfe\xb7\xef:k\x8bYx~\xc0\xf3\xa1\xb1\x12\n\xb3z\x99\n>\x12']>]>]>]>]>, <SCVal [type=14, str=<SCString [sc_string=b'lucas000']>]>, <SCVal [type=4, i32=<Int32 [int32=77]>]>, <SCVal [type=4, i32=<Int32 [int32=10]>]>]
2025-08-24 12:51:53,748 - __main__ - INFO - Loaded account for GBJ5W7X66THQ7Y3M22K75N7PHJVYWWLYP3APHINRCIFLG6UZBI7BFD5J
2025-08-24 12:51:53,749 - __main__ - INFO - Transaction built successfully
2025-08-24 12:51:53,918 - __main__ - INFO - Transaction prepared successfully
2025-08-24 12:51:53,918 - __main__ - INFO - Transaction signed successfully
2025-08-24 12:51:54,081 - __main__ - INFO - Transaction sent successfully
2025-08-24 12:51:54,081 - __main__ - INFO - 🔗 https://stellar.expert/explorer/testnet/tx/af64922985ec024bb2fe202cc19384d8a7adcf6a304048628eba77fac1917961
2025-08-24 12:51:54,081 - __main__ - INFO - Transaction hash: af64922985ec024bb2fe202cc19384d8a7adcf6a304048628eba77fac1917961
2025-08-24 12:51:58,569 - __main__ - INFO - Transaction found after 28 attempts
2025-08-24 12:51:58,569 - __main__ - INFO - Transaction completed successfully
2025-08-24 12:51:58,572 - __main__ - INFO - Function returned: None
2025-08-24 12:51:58,572 - __main__ - ERROR - ❌ Função retornou None devido a erro na transação
2025-08-24 12:51:58,572 - __main__ - WARNING - ==============================GET_RANK==============================
2025-08-24 12:51:58,572 - __main__ - INFO - Starting invoke_function for get_rank
2025-08-24 12:51:58,572 - __main__ - INFO - Contract ID: CB5MPSENBBJ264MNUTIH3G5HSGNUENWZZ6353B2OJBSQG6YMPVIZJH63
2025-08-24 12:51:58,572 - __main__ - INFO - Parameters: []
2025-08-24 12:51:58,726 - __main__ - INFO - Loaded account for GBJ5W7X66THQ7Y3M22K75N7PHJVYWWLYP3APHINRCIFLG6UZBI7BFD5J
2025-08-24 12:51:58,726 - __main__ - INFO - Transaction built successfully
2025-08-24 12:51:58,886 - __main__ - INFO - Transaction simulated successfully
2025-08-24 12:51:58,887 - __main__ - INFO - Simulation returned: [{'game_time': 10, 'nickname': 'lucas000', 'player': <Address [type=ACCOUNT, address=GBJ5W7X66THQ7Y3M22K75N7PHJVYWWLYP3APHINRCIFLG6UZBI7BFD5J]>, 'score': 77}]
2025-08-24 12:51:58,887 - __main__ - INFO - ✅ Resultado: [{'game_time': 10, 'nickname': 'lucas000', 'player': <Address [type=ACCOUNT, address=GBJ5W7X66THQ7Y3M22K75N7PHJVYWWLYP3APHINRCIFLG6UZBI7BFD5J]>, 'score': 77}]
2025-08-24 12:53:02,997 - __main__ - WARNING - ==============================CREATE_KEYPAIR==============================
2025-08-24 12:53:02,998 - __main__ - INFO - ✅ Keypair criado com sucesso
2025-08-24 12:53:02,998 - __main__ - INFO - 📍 Public Key: GBJ5W7X66THQ7Y3M22K75N7PHJVYWWLYP3APHINRCIFLG6UZBI7BFD5J
2025-08-24 12:53:02,998 - __main__ - INFO - 🔐 Secret Key: SCV4NEXOJDRYDF7HYM3ZP6XAKBENVRKUJUOXIEPALUBIUGIBF6FHZR7M
2025-08-24 12:53:03,000 - __main__ - WARNING - ==============================GET_RANK==============================
2025-08-24 12:53:03,000 - __main__ - INFO - Starting invoke_function for get_rank
2025-08-24 12:53:03,000 - __main__ - INFO - Contract ID: CB5MPSENBBJ264MNUTIH3G5HSGNUENWZZ6353B2OJBSQG6YMPVIZJH63
2025-08-24 12:53:03,000 - __main__ - INFO - Parameters: []
2025-08-24 12:53:03,679 - __main__ - INFO - Loaded account for GBJ5W7X66THQ7Y3M22K75N7PHJVYWWLYP3APHINRCIFLG6UZBI7BFD5J
2025-08-24 12:53:03,680 - __main__ - INFO - Transaction built successfully
2025-08-24 12:53:03,849 - __main__ - INFO - Transaction simulated successfully
2025-08-24 12:53:03,850 - __main__ - INFO - Simulation returned: [{'game_time': 10, 'nickname': 'lucas000', 'player': <Address [type=ACCOUNT, address=GBJ5W7X66THQ7Y3M22K75N7PHJVYWWLYP3APHINRCIFLG6UZBI7BFD5J]>, 'score': 77}]
2025-08-24 12:53:03,850 - __main__ - INFO - ✅ Resultado: [{'game_time': 10, 'nickname': 'lucas000', 'player': <Address [type=ACCOUNT, address=GBJ5W7X66THQ7Y3M22K75N7PHJVYWWLYP3APHINRCIFLG6UZBI7BFD5J]>, 'score': 77}]
2025-08-24 12:53:03,850 - __main__ - WARNING - ==============================NEW_GAME==============================
2025-08-24 12:53:03,850 - __main__ - INFO - Starting invoke_function for new_game
2025-08-24 12:53:03,850 - __main__ - INFO - Contract ID: CB5MPSENBBJ264MNUTIH3G5HSGNUENWZZ6353B2OJBSQG6YMPVIZJH63
2025-08-24 12:53:03,850 - __main__ - INFO - Parameters: [<SCVal [type=18, address=<SCAddress [type=0, account_id=<AccountID [account_id=<PublicKey [type=0, ed25519=<Uint256 [uint256=b'S\xdb~\xfe\xf4\xcf\x0f\xe3l\xd6\x95\xfe\xb7\xef:k\x8bYx~\xc0\xf3\xa1\xb1\x12\n\xb3z\x99\n>\x12']>]>]>]>]>, <SCVal [type=14, str=<SCString [sc_string=b'lucas000']>]>, <SCVal [type=4, i32=<Int32 [int32=77]>]>, <SCVal [type=4, i32=<Int32 [int32=10]>]>]
2025-08-24 12:53:04,009 - __main__ - INFO - Loaded account for GBJ5W7X66THQ7Y3M22K75N7PHJVYWWLYP3APHINRCIFLG6UZBI7BFD5J
2025-08-24 12:53:04,010 - __main__ - INFO - Transaction built successfully
2025-08-24 12:53:04,187 - __main__ - INFO - Transaction prepared successfully
2025-08-24 12:53:04,189 - __main__ - INFO - Transaction signed successfully
2025-08-24 12:53:04,367 - __main__ - INFO - Transaction sent successfully
2025-08-24 12:53:04,367 - __main__ - INFO - 🔗 https://stellar.expert/explorer/testnet/tx/7c0399a02af83b7dfba85ba857ba05f942f323162fa3c40efd0e1ba858c2a1f5
2025-08-24 12:53:04,367 - __main__ - INFO - Transaction hash: 7c0399a02af83b7dfba85ba857ba05f942f323162fa3c40efd0e1ba858c2a1f5
2025-08-24 12:53:18,617 - __main__ - WARNING - ==============================CREATE_KEYPAIR==============================
2025-08-24 12:53:18,618 - __main__ - INFO - ✅ Keypair criado com sucesso
2025-08-24 12:53:18,618 - __main__ - INFO - 📍 Public Key: GBJ5W7X66THQ7Y3M22K75N7PHJVYWWLYP3APHINRCIFLG6UZBI7BFD5J
2025-08-24 12:53:18,618 - __main__ - INFO - 🔐 Secret Key: SCV4NEXOJDRYDF7HYM3ZP6XAKBENVRKUJUOXIEPALUBIUGIBF6FHZR7M
2025-08-24 12:53:18,620 - __main__ - WARNING - ==============================GET_RANK==============================
2025-08-24 12:53:18,620 - __main__ - INFO - Starting invoke_function for get_rank
2025-08-24 12:53:18,620 - __main__ - INFO - Contract ID: CB5MPSENBBJ264MNUTIH3G5HSGNUENWZZ6353B2OJBSQG6YMPVIZJH63
2025-08-24 12:53:18,620 - __main__ - INFO - Parameters: []
2025-08-24 12:53:19,080 - __main__ - INFO - Loaded account for GBJ5W7X66THQ7Y3M22K75N7PHJVYWWLYP3APHINRCIFLG6UZBI7BFD5J
2025-08-24 12:53:19,080 - __main__ - INFO - Transaction built successfully
2025-08-24 12:53:19,242 - __main__ - INFO - Transaction simulated successfully
2025-08-24 12:53:19,242 - __main__ - INFO - Simulation returned: [{'game_time': 10, 'nickname': 'lucas000', 'player': <Address [type=ACCOUNT, address=GBJ5W7X66THQ7Y3M22K75N7PHJVYWWLYP3APHINRCIFLG6UZBI7BFD5J]>, 'score': 77}, {'game_time': 10, 'nickname': 'lucas000', 'player': <Address [type=ACCOUNT, address=GBJ5W7X66THQ7Y3M22K75N7PHJVYWWLYP3APHINRCIFLG6UZBI7BFD5J]>, 'score': 77}]
2025-08-24 12:53:19,242 - __main__ - INFO - ✅ Resultado: [{'game_time': 10, 'nickname': 'lucas000', 'player': <Address [type=ACCOUNT, address=GBJ5W7X66THQ7Y3M22K75N7PHJVYWWLYP3APHINRCIFLG6UZBI7BFD5J]>, 'score': 77}, {'game_time': 10, 'nickname': 'lucas000', 'player': <Address [type=ACCOUNT, address=GBJ5W7X66THQ7Y3M22K75N7PHJVYWWLYP3APHINRCIFLG6UZBI7BFD5J]>, 'score': 77}]
2025-08-24 12:53:19,242 - __main__ - WARNING - ==============================NEW_GAME==============================
2025-08-24 12:53:19,242 - __main__ - INFO - Starting invoke_function for new_game
2025-08-24 12:53:19,242 - __main__ - INFO - Contract ID: CB5MPSENBBJ264MNUTIH3G5HSGNUENWZZ6353B2OJBSQG6YMPVIZJH63
2025-08-24 12:53:19,242 - __main__ - INFO - Parameters: [<SCVal [type=18, address=<SCAddress [type=0, account_id=<AccountID [account_id=<PublicKey [type=0, ed25519=<Uint256 [uint256=b'S\xdb~\xfe\xf4\xcf\x0f\xe3l\xd6\x95\xfe\xb7\xef:k\x8bYx~\xc0\xf3\xa1\xb1\x12\n\xb3z\x99\n>\x12']>]>]>]>]>, <SCVal [type=14, str=<SCString [sc_string=b'lucas000']>]>, <SCVal [type=4, i32=<Int32 [int32=77]>]>, <SCVal [type=4, i32=<Int32 [int32=10]>]>]
2025-08-24 12:53:19,409 - __main__ - INFO - Loaded account for GBJ5W7X66THQ7Y3M22K75N7PHJVYWWLYP3APHINRCIFLG6UZBI7BFD5J
2025-08-24 12:53:19,409 - __main__ - INFO - Transaction built successfully
2025-08-24 12:53:19,581 - __main__ - INFO - Transaction prepared successfully
2025-08-24 12:53:19,581 - __main__ - INFO - Transaction signed successfully
2025-08-24 12:53:19,751 - __main__ - INFO - Transaction sent successfully
2025-08-24 12:53:19,751 - __main__ - INFO - 🔗 https://stellar.expert/explorer/testnet/tx/359272c4077dddb574133a5b246844c3b1572902c9a850d26fcfe1e643f13dcf
2025-08-24 12:53:19,751 - __main__ - INFO - Transaction hash: 359272c4077dddb574133a5b246844c3b1572902c9a850d26fcfe1e643f13dcf
2025-08-24 12:53:30,322 - __main__ - WARNING - ==============================CREATE_KEYPAIR==============================
2025-08-24 12:53:30,323 - __main__ - INFO - ✅ Keypair criado com sucesso
2025-08-24 12:53:30,323 - __main__ - INFO - 📍 Public Key: GBJ5W7X66THQ7Y3M22K75N7PHJVYWWLYP3APHINRCIFLG6UZBI7BFD5J
2025-08-24 12:53:30,323 - __main__ - INFO - 🔐 Secret Key: SCV4NEXOJDRYDF7HYM3ZP6XAKBENVRKUJUOXIEPALUBIUGIBF6FHZR7M
2025-08-24 12:53:30,325 - __main__ - WARNING - ==============================GET_RANK==============================
2025-08-24 12:53:30,325 - __main__ - INFO - Starting invoke_function for get_rank
2025-08-24 12:53:30,325 - __main__ - INFO - Contract ID: CB5MPSENBBJ264MNUTIH3G5HSGNUENWZZ6353B2OJBSQG6YMPVIZJH63
2025-08-24 12:53:30,325 - __main__ - INFO - Parameters: []
2025-08-24 12:53:30,910 - __main__ - INFO - Loaded account for GBJ5W7X66THQ7Y3M22K75N7PHJVYWWLYP3APHINRCIFLG6UZBI7BFD5J
2025-08-24 12:53:30,911 - __main__ - INFO - Transaction built successfully
2025-08-24 12:53:31,072 - __main__ - INFO - Transaction simulated successfully
2025-08-24 12:53:31,072 - __main__ - INFO - Simulation returned: [{'game_time': 10, 'nickname': 'lucas000', 'player': <Address [type=ACCOUNT, address=GBJ5W7X66THQ7Y3M22K75N7PHJVYWWLYP3APHINRCIFLG6UZBI7BFD5J]>, 'score': 77}, {'game_time': 10, 'nickname': 'lucas000', 'player': <Address [type=ACCOUNT, address=GBJ5W7X66THQ7Y3M22K75N7PHJVYWWLYP3APHINRCIFLG6UZBI7BFD5J]>, 'score': 77}, {'game_time': 10, 'nickname': 'lucas000', 'player': <Address [type=ACCOUNT, address=GBJ5W7X66THQ7Y3M22K75N7PHJVYWWLYP3APHINRCIFLG6UZBI7BFD5J]>, 'score': 77}]
2025-08-24 12:53:31,072 - __main__ - INFO - ✅ Resultado: [{'game_time': 10, 'nickname': 'lucas000', 'player': <Address [type=ACCOUNT, address=GBJ5W7X66THQ7Y3M22K75N7PHJVYWWLYP3APHINRCIFLG6UZBI7BFD5J]>, 'score': 77}, {'game_time': 10, 'nickname': 'lucas000', 'player': <Address [type=ACCOUNT, address=GBJ5W7X66THQ7Y3M22K75N7PHJVYWWLYP3APHINRCIFLG6UZBI7BFD5J]>, 'score': 77}, {'game_time': 10, 'nickname': 'lucas000', 'player': <Address [type=ACCOUNT, address=GBJ5W7X66THQ7Y3M22K75N7PHJVYWWLYP3APHINRCIFLG6UZBI7BFD5J]>, 'score': 77}]
2025-08-24 12:53:31,072 - __main__ - WARNING - ==============================NEW_GAME==============================
2025-08-24 12:53:31,072 - __main__ - INFO - Starting invoke_function for new_game
2025-08-24 12:53:31,072 - __main__ - INFO - Contract ID: CB5MPSENBBJ264MNUTIH3G5HSGNUENWZZ6353B2OJBSQG6YMPVIZJH63
2025-08-24 12:53:31,072 - __main__ - INFO - Parameters: [<SCVal [type=18, address=<SCAddress [type=0, account_id=<AccountID [account_id=<PublicKey [type=0, ed25519=<Uint256 [uint256=b'S\xdb~\xfe\xf4\xcf\x0f\xe3l\xd6\x95\xfe\xb7\xef:k\x8bYx~\xc0\xf3\xa1\xb1\x12\n\xb3z\x99\n>\x12']>]>]>]>]>, <SCVal [type=14, str=<SCString [sc_string=b'lucas000']>]>, <SCVal [type=4, i32=<Int32 [int32=77]>]>, <SCVal [type=4, i32=<Int32 [int32=10]>]>]
2025-08-24 12:53:31,222 - __main__ - INFO - Loaded account for GBJ5W7X66THQ7Y3M22K75N7PHJVYWWLYP3APHINRCIFLG6UZBI7BFD5J
2025-08-24 12:53:31,222 - __main__ - INFO - Transaction built successfully
2025-08-24 12:53:31,387 - __main__ - INFO - Transaction prepared successfully
2025-08-24 12:53:31,387 - __main__ - INFO - Transaction signed successfully
2025-08-24 12:53:31,536 - __main__ - INFO - Transaction sent successfully
2025-08-24 12:53:31,536 - __main__ - INFO - 🔗 https://stellar.expert/explorer/testnet/tx/b03fb6be72da6336b1ec39081925daf3f3325fb8e3b7d0d8a761e16638f69df0
2025-08-24 12:53:31,536 - __main__ - INFO - Transaction hash: b03fb6be72da6336b1ec39081925daf3f3325fb8e3b7d0d8a761e16638f69df0
2025-08-24 12:53:33,777 - __main__ - INFO - Transaction found after 900ms
2025-08-24 12:53:33,778 - __main__ - INFO - Transaction completed successfully
2025-08-24 12:53:33,781 - __main__ - INFO - Function returned: None
2025-08-24 12:53:33,782 - __main__ - ERROR - ❌ Função retornou None devido a erro na transação
2025-08-24 12:53:33,782 - __main__ - WARNING - ==============================GET_RANK==============================
2025-08-24 12:53:33,782 - __main__ - INFO - Starting invoke_function for get_rank
2025-08-24 12:53:33,782 - __main__ - INFO - Contract ID: CB5MPSENBBJ264MNUTIH3G5HSGNUENWZZ6353B2OJBSQG6YMPVIZJH63
2025-08-24 12:53:33,782 - __main__ - INFO - Parameters: []
2025-08-24 12:53:33,937 - __main__ - INFO - Loaded account for GBJ5W7X66THQ7Y3M22K75N7PHJVYWWLYP3APHINRCIFLG6UZBI7BFD5J
2025-08-24 12:53:33,938 - __main__ - INFO - Transaction built successfully
2025-08-24 12:53:34,099 - __main__ - INFO - Transaction simulated successfully
2025-08-24 12:53:34,101 - __main__ - INFO - Simulation returned: [{'game_time': 10, 'nickname': 'lucas000', 'player': <Address [type=ACCOUNT, address=GBJ5W7X66THQ7Y3M22K75N7PHJVYWWLYP3APHINRCIFLG6UZBI7BFD5J]>, 'score': 77}, {'game_time': 10, 'nickname': 'lucas000', 'player': <Address [type=ACCOUNT, address=GBJ5W7X66THQ7Y3M22K75N7PHJVYWWLYP3APHINRCIFLG6UZBI7BFD5J]>, 'score': 77}, {'game_time': 10, 'nickname': 'lucas000', 'player': <Address [type=ACCOUNT, address=GBJ5W7X66THQ7Y3M22K75N7PHJVYWWLYP3APHINRCIFLG6UZBI7BFD5J]>, 'score': 77}, {'game_time': 10, 'nickname': 'lucas000', 'player': <Address [type=ACCOUNT, address=GBJ5W7X66THQ7Y3M22K75N7PHJVYWWLYP3APHINRCIFLG6UZBI7BFD5J]>, 'score': 77}]
2025-08-24 12:53:34,102 - __main__ - INFO - ✅ Resultado: [{'game_time': 10, 'nickname': 'lucas000', 'player': <Address [type=ACCOUNT, address=GBJ5W7X66THQ7Y3M22K75N7PHJVYWWLYP3APHINRCIFLG6UZBI7BFD5J]>, 'score': 77}, {'game_time': 10, 'nickname': 'lucas000', 'player': <Address [type=ACCOUNT, address=GBJ5W7X66THQ7Y3M22K75N7PHJVYWWLYP3APHINRCIFLG6UZBI7BFD5J]>, 'score': 77}, {'game_time': 10, 'nickname': 'lucas000', 'player': <Address [type=ACCOUNT, address=GBJ5W7X66THQ7Y3M22K75N7PHJVYWWLYP3APHINRCIFLG6UZBI7BFD5J]>, 'score': 77}, {'game_time': 10, 'nickname': 'lucas000', 'player': <Address [type=ACCOUNT, address=GBJ5W7X66THQ7Y3M22K75N7PHJVYWWLYP3APHINRCIFLG6UZBI7BFD5J]>, 'score': 77}]
2025-08-24 12:54:47,825 - __main__ - WARNING - ==============================CREATE_KEYPAIR==============================
2025-08-24 12:54:47,825 - __main__ - INFO - ✅ Keypair criado com sucesso
2025-08-24 12:54:47,825 - __main__ - INFO - 📍 Public Key: GBJ5W7X66THQ7Y3M22K75N7PHJVYWWLYP3APHINRCIFLG6UZBI7BFD5J
2025-08-24 12:54:47,826 - __main__ - INFO - 🔐 Secret Key: SCV4NEXOJDRYDF7HYM3ZP6XAKBENVRKUJUOXIEPALUBIUGIBF6FHZR7M
2025-08-24 12:54:47,829 - __main__ - WARNING - ==============================GET_RANK==============================
2025-08-24 12:54:47,829 - __main__ - INFO - Starting invoke_function for get_rank
2025-08-24 12:54:47,829 - __main__ - INFO - Contract ID: CB5MPSENBBJ264MNUTIH3G5HSGNUENWZZ6353B2OJBSQG6YMPVIZJH63
2025-08-24 12:54:47,829 - __main__ - INFO - Parameters: []
2025-08-24 12:54:48,517 - __main__ - INFO - Loaded account for GBJ5W7X66THQ7Y3M22K75N7PHJVYWWLYP3APHINRCIFLG6UZBI7BFD5J
2025-08-24 12:54:48,517 - __main__ - INFO - Transaction built successfully
2025-08-24 12:54:48,673 - __main__ - INFO - Transaction simulated successfully
2025-08-24 12:54:48,673 - __main__ - INFO - Simulation returned: [{'game_time': 10, 'nickname': 'lucas000', 'player': <Address [type=ACCOUNT, address=GBJ5W7X66THQ7Y3M22K75N7PHJVYWWLYP3APHINRCIFLG6UZBI7BFD5J]>, 'score': 77}, {'game_time': 10, 'nickname': 'lucas000', 'player': <Address [type=ACCOUNT, address=GBJ5W7X66THQ7Y3M22K75N7PHJVYWWLYP3APHINRCIFLG6UZBI7BFD5J]>, 'score': 77}, {'game_time': 10, 'nickname': 'lucas000', 'player': <Address [type=ACCOUNT, address=GBJ5W7X66THQ7Y3M22K75N7PHJVYWWLYP3APHINRCIFLG6UZBI7BFD5J]>, 'score': 77}, {'game_time': 10, 'nickname': 'lucas000', 'player': <Address [type=ACCOUNT, address=GBJ5W7X66THQ7Y3M22K75N7PHJVYWWLYP3APHINRCIFLG6UZBI7BFD5J]>, 'score': 77}]
2025-08-24 12:54:48,673 - __main__ - INFO - ✅ Resultado: [{'game_time': 10, 'nickname': 'lucas000', 'player': <Address [type=ACCOUNT, address=GBJ5W7X66THQ7Y3M22K75N7PHJVYWWLYP3APHINRCIFLG6UZBI7BFD5J]>, 'score': 77}, {'game_time': 10, 'nickname': 'lucas000', 'player': <Address [type=ACCOUNT, address=GBJ5W7X66THQ7Y3M22K75N7PHJVYWWLYP3APHINRCIFLG6UZBI7BFD5J]>, 'score': 77}, {'game_time': 10, 'nickname': 'lucas000', 'player': <Address [type=ACCOUNT, address=GBJ5W7X66THQ7Y3M22K75N7PHJVYWWLYP3APHINRCIFLG6UZBI7BFD5J]>, 'score': 77}, {'game_time': 10, 'nickname': 'lucas000', 'player': <Address [type=ACCOUNT, address=GBJ5W7X66THQ7Y3M22K75N7PHJVYWWLYP3APHINRCIFLG6UZBI7BFD5J]>, 'score': 77}]
2025-08-24 12:54:48,674 - __main__ - WARNING - ==============================NEW_GAME==============================
2025-08-24 12:54:48,674 - __main__ - INFO - Starting invoke_function for new_game
2025-08-24 12:54:48,674 - __main__ - INFO - Contract ID: CB5MPSENBBJ264MNUTIH3G5HSGNUENWZZ6353B2OJBSQG6YMPVIZJH63
2025-08-24 12:54:48,674 - __main__ - INFO - Parameters: [<SCVal [type=18, address=<SCAddress [type=0, account_id=<AccountID [account_id=<PublicKey [type=0, ed25519=<Uint256 [uint256=b'S\xdb~\xfe\xf4\xcf\x0f\xe3l\xd6\x95\xfe\xb7\xef:k\x8bYx~\xc0\xf3\xa1\xb1\x12\n\xb3z\x99\n>\x12']>]>]>]>]>, <SCVal [type=14, str=<SCString [sc_string=b'lucas000']>]>, <SCVal [type=4, i32=<Int32 [int32=77]>]>, <SCVal [type=4, i32=<Int32 [int32=10]>]>]
2025-08-24 12:54:48,822 - __main__ - INFO - Loaded account for GBJ5W7X66THQ7Y3M22K75N7PHJVYWWLYP3APHINRCIFLG6UZBI7BFD5J
2025-08-24 12:54:48,822 - __main__ - INFO - Transaction built successfully
2025-08-24 12:54:48,989 - __main__ - INFO - Transaction prepared successfully
2025-08-24 12:54:48,990 - __main__ - INFO - Transaction signed successfully
2025-08-24 12:54:49,143 - __main__ - INFO - Transaction sent successfully
2025-08-24 12:54:49,143 - __main__ - INFO - 🔗 https://stellar.expert/explorer/testnet/tx/67d927b113eaada8022c9e4444b678583158f0a8e1924249e58fb00a09a95235
2025-08-24 12:54:49,143 - __main__ - INFO - Transaction hash: 67d927b113eaada8022c9e4444b678583158f0a8e1924249e58fb00a09a95235
2025-08-24 12:54:53,968 - __main__ - INFO - Transaction found after 1900ms
2025-08-24 12:54:53,968 - __main__ - INFO - Transaction completed successfully
2025-08-24 12:54:53,968 - __main__ - WARNING - ==============================GET_RANK==============================
2025-08-24 12:54:53,968 - __main__ - INFO - Starting invoke_function for get_rank
2025-08-24 12:54:53,968 - __main__ - INFO - Contract ID: CB5MPSENBBJ264MNUTIH3G5HSGNUENWZZ6353B2OJBSQG6YMPVIZJH63
2025-08-24 12:54:53,968 - __main__ - INFO - Parameters: []
2025-08-24 12:54:54,125 - __main__ - INFO - Loaded account for GBJ5W7X66THQ7Y3M22K75N7PHJVYWWLYP3APHINRCIFLG6UZBI7BFD5J
2025-08-24 12:54:54,125 - __main__ - INFO - Transaction built successfully
2025-08-24 12:54:54,295 - __main__ - INFO - Transaction simulated successfully
2025-08-24 12:54:54,297 - __main__ - INFO - Simulation returned: [{'game_time': 10, 'nickname': 'lucas000', 'player': <Address [type=ACCOUNT, address=GBJ5W7X66THQ7Y3M22K75N7PHJVYWWLYP3APHINRCIFLG6UZBI7BFD5J]>, 'score': 77}, {'game_time': 10, 'nickname': 'lucas000', 'player': <Address [type=ACCOUNT, address=GBJ5W7X66THQ7Y3M22K75N7PHJVYWWLYP3APHINRCIFLG6UZBI7BFD5J]>, 'score': 77}, {'game_time': 10, 'nickname': 'lucas000', 'player': <Address [type=ACCOUNT, address=GBJ5W7X66THQ7Y3M22K75N7PHJVYWWLYP3APHINRCIFLG6UZBI7BFD5J]>, 'score': 77}, {'game_time': 10, 'nickname': 'lucas000', 'player': <Address [type=ACCOUNT, address=GBJ5W7X66THQ7Y3M22K75N7PHJVYWWLYP3APHINRCIFLG6UZBI7BFD5J]>, 'score': 77}, {'game_time': 10, 'nickname': 'lucas000', 'player': <Address [type=ACCOUNT, address=GBJ5W7X66THQ7Y3M22K75N7PHJVYWWLYP3APHINRCIFLG6UZBI7BFD5J]>, 'score': 77}]
2025-08-24 12:54:54,297 - __main__ - INFO - ✅ Resultado: [{'game_time': 10, 'nickname': 'lucas000', 'player': <Address [type=ACCOUNT, address=GBJ5W7X66THQ7Y3M22K75N7PHJVYWWLYP3APHINRCIFLG6UZBI7BFD5J]>, 'score': 77}, {'game_time': 10, 'nickname': 'lucas000', 'player': <Address [type=ACCOUNT, address=GBJ5W7X66THQ7Y3M22K75N7PHJVYWWLYP3APHINRCIFLG6UZBI7BFD5J]>, 'score': 77}, {'game_time': 10, 'nickname': 'lucas000', 'player': <Address [type=ACCOUNT, address=GBJ5W7X66THQ7Y3M22K75N7PHJVYWWLYP3APHINRCIFLG6UZBI7BFD5J]>, 'score': 77}, {'game_time': 10, 'nickname': 'lucas000', 'player': <Address [type=ACCOUNT, address=GBJ5W7X66THQ7Y3M22K75N7PHJVYWWLYP3APHINRCIFLG6UZBI7BFD5J]>, 'score': 77}, {'game_time': 10, 'nickname': 'lucas000', 'player': <Address [type=ACCOUNT, address=GBJ5W7X66THQ7Y3M22K75N7PHJVYWWLYP3APHINRCIFLG6UZBI7BFD5J]>, 'score': 77}]
2025-08-24 12:56:27,527 - __main__ - WARNING - ==============================CREATE_KEYPAIR==============================
2025-08-24 12:56:27,527 - __main__ - INFO - ✅ Keypair criado com sucesso
2025-08-24 12:56:27,527 - __main__ - INFO - 📍 Public Key: GBJ5W7X66THQ7Y3M22K75N7PHJVYWWLYP3APHINRCIFLG6UZBI7BFD5J
2025-08-24 12:56:27,527 - __main__ - INFO - 🔐 Secret Key: SCV4NEXOJDRYDF7HYM3ZP6XAKBENVRKUJUOXIEPALUBIUGIBF6FHZR7M
2025-08-24 12:56:27,529 - __main__ - WARNING - ==============================GET_RANK==============================
2025-08-24 12:56:27,529 - __main__ - INFO - Starting invoke_function for get_rank
2025-08-24 12:56:27,529 - __main__ - INFO - Contract ID: CB5MPSENBBJ264MNUTIH3G5HSGNUENWZZ6353B2OJBSQG6YMPVIZJH63
2025-08-24 12:56:27,529 - __main__ - INFO - Parameters: []
2025-08-24 12:56:28,212 - __main__ - INFO - Loaded account for GBJ5W7X66THQ7Y3M22K75N7PHJVYWWLYP3APHINRCIFLG6UZBI7BFD5J
2025-08-24 12:56:28,213 - __main__ - INFO - Transaction built successfully
2025-08-24 12:56:28,377 - __main__ - INFO - Transaction simulated successfully
2025-08-24 12:56:41,013 - __main__ - WARNING - ==============================CREATE_KEYPAIR==============================
2025-08-24 12:56:41,014 - __main__ - INFO - ✅ Keypair criado com sucesso
2025-08-24 12:56:41,014 - __main__ - INFO - 📍 Public Key: GBJ5W7X66THQ7Y3M22K75N7PHJVYWWLYP3APHINRCIFLG6UZBI7BFD5J
2025-08-24 12:56:41,014 - __main__ - INFO - 🔐 Secret Key: SCV4NEXOJDRYDF7HYM3ZP6XAKBENVRKUJUOXIEPALUBIUGIBF6FHZR7M
2025-08-24 12:56:41,016 - __main__ - WARNING - ==============================GET_RANK==============================
2025-08-24 12:56:41,016 - __main__ - INFO - Starting invoke_function for get_rank
2025-08-24 12:56:41,016 - __main__ - INFO - Contract ID: CB5MPSENBBJ264MNUTIH3G5HSGNUENWZZ6353B2OJBSQG6YMPVIZJH63
2025-08-24 12:56:41,016 - __main__ - INFO - Parameters: []
2025-08-24 12:56:41,647 - __main__ - INFO - Loaded account for GBJ5W7X66THQ7Y3M22K75N7PHJVYWWLYP3APHINRCIFLG6UZBI7BFD5J
2025-08-24 12:56:41,648 - __main__ - INFO - Transaction built successfully
2025-08-24 12:56:41,831 - __main__ - INFO - Transaction simulated successfully
2025-08-24 12:57:08,252 - __main__ - WARNING - ==============================CREATE_KEYPAIR==============================
2025-08-24 12:57:08,252 - __main__ - INFO - ✅ Keypair criado com sucesso
2025-08-24 12:57:08,252 - __main__ - INFO - 📍 Public Key: GBJ5W7X66THQ7Y3M22K75N7PHJVYWWLYP3APHINRCIFLG6UZBI7BFD5J
2025-08-24 12:57:08,252 - __main__ - INFO - 🔐 Secret Key: SCV4NEXOJDRYDF7HYM3ZP6XAKBENVRKUJUOXIEPALUBIUGIBF6FHZR7M
2025-08-24 12:57:08,254 - __main__ - WARNING - ==============================GET_RANK==============================
2025-08-24 12:57:08,254 - __main__ - INFO - Starting invoke_function for get_rank
2025-08-24 12:57:08,254 - __main__ - INFO - Contract ID: CB5MPSENBBJ264MNUTIH3G5HSGNUENWZZ6353B2OJBSQG6YMPVIZJH63
2025-08-24 12:57:08,254 - __main__ - INFO - Parameters: []
2025-08-24 12:57:08,870 - __main__ - INFO - Loaded account for GBJ5W7X66THQ7Y3M22K75N7PHJVYWWLYP3APHINRCIFLG6UZBI7BFD5J
2025-08-24 12:57:08,870 - __main__ - INFO - Transaction built successfully
2025-08-24 12:57:09,079 - __main__ - INFO - Transaction simulated successfully
2025-08-24 12:57:09,080 - __main__ - INFO - ✅ Resultado:
[{'game_time': 10, 'nickname': 'lucas000', 'player': <Address [type=ACCOUNT, address=GBJ5W7X66THQ7Y3M22K75N7PHJVYWWLYP3APHINRCIFLG6UZBI7BFD5J]>, 'score': 77}, {'game_time': 10, 'nickname': 'lucas000', 'player': <Address [type=ACCOUNT, address=GBJ5W7X66THQ7Y3M22K75N7PHJVYWWLYP3APHINRCIFLG6UZBI7BFD5J]>, 'score': 77}, {'game_time': 10, 'nickname': 'lucas000', 'player': <Address [type=ACCOUNT, address=GBJ5W7X66THQ7Y3M22K75N7PHJVYWWLYP3APHINRCIFLG6UZBI7BFD5J]>, 'score': 77}, {'game_time': 10, 'nickname': 'lucas000', 'player': <Address [type=ACCOUNT, address=GBJ5W7X66THQ7Y3M22K75N7PHJVYWWLYP3APHINRCIFLG6UZBI7BFD5J]>, 'score': 77}, {'game_time': 10, 'nickname': 'lucas000', 'player': <Address [type=ACCOUNT, address=GBJ5W7X66THQ7Y3M22K75N7PHJVYWWLYP3APHINRCIFLG6UZBI7BFD5J]>, 'score': 77}]
2025-08-24 12:57:09,080 - __main__ - WARNING - ==============================NEW_GAME==============================
2025-08-24 12:57:09,080 - __main__ - INFO - Starting invoke_function for new_game
2025-08-24 12:57:09,080 - __main__ - INFO - Contract ID: CB5MPSENBBJ264MNUTIH3G5HSGNUENWZZ6353B2OJBSQG6YMPVIZJH63
2025-08-24 12:57:09,080 - __main__ - INFO - Parameters: [<SCVal [type=18, address=<SCAddress [type=0, account_id=<AccountID [account_id=<PublicKey [type=0, ed25519=<Uint256 [uint256=b'S\xdb~\xfe\xf4\xcf\x0f\xe3l\xd6\x95\xfe\xb7\xef:k\x8bYx~\xc0\xf3\xa1\xb1\x12\n\xb3z\x99\n>\x12']>]>]>]>]>, <SCVal [type=14, str=<SCString [sc_string=b'lucas000']>]>, <SCVal [type=4, i32=<Int32 [int32=77]>]>, <SCVal [type=4, i32=<Int32 [int32=10]>]>]
2025-08-24 12:57:09,238 - __main__ - INFO - Loaded account for GBJ5W7X66THQ7Y3M22K75N7PHJVYWWLYP3APHINRCIFLG6UZBI7BFD5J
2025-08-24 12:57:09,239 - __main__ - INFO - Transaction built successfully
2025-08-24 12:57:09,406 - __main__ - INFO - Transaction prepared successfully
2025-08-24 12:57:09,406 - __main__ - INFO - Transaction signed successfully
2025-08-24 12:57:09,572 - __main__ - INFO - Transaction sent successfully
2025-08-24 12:57:09,572 - __main__ - INFO - 🔗 https://stellar.expert/explorer/testnet/tx/d449f9087644a11eb6ddaaff838c96168e6d01b15e329c40d7e911ac76903788
2025-08-24 12:57:09,572 - __main__ - INFO - Transaction hash: d449f9087644a11eb6ddaaff838c96168e6d01b15e329c40d7e911ac76903788
2025-08-24 12:57:14,149 - __main__ - INFO - Transaction found after 1700ms
2025-08-24 12:57:14,149 - __main__ - INFO - Transaction completed successfully
2025-08-24 12:57:14,150 - __main__ - WARNING - ==============================GET_RANK==============================
2025-08-24 12:57:14,150 - __main__ - INFO - Starting invoke_function for get_rank
2025-08-24 12:57:14,150 - __main__ - INFO - Contract ID: CB5MPSENBBJ264MNUTIH3G5HSGNUENWZZ6353B2OJBSQG6YMPVIZJH63
2025-08-24 12:57:14,151 - __main__ - INFO - Parameters: []
2025-08-24 12:57:14,528 - __main__ - INFO - Loaded account for GBJ5W7X66THQ7Y3M22K75N7PHJVYWWLYP3APHINRCIFLG6UZBI7BFD5J
2025-08-24 12:57:14,529 - __main__ - INFO - Transaction built successfully
2025-08-24 12:57:14,691 - __main__ - INFO - Transaction simulated successfully
2025-08-24 12:57:14,692 - __main__ - INFO - ✅ Resultado:
[{'game_time': 10, 'nickname': 'lucas000', 'player': <Address [type=ACCOUNT, address=GBJ5W7X66THQ7Y3M22K75N7PHJVYWWLYP3APHINRCIFLG6UZBI7BFD5J]>, 'score': 77}, {'game_time': 10, 'nickname': 'lucas000', 'player': <Address [type=ACCOUNT, address=GBJ5W7X66THQ7Y3M22K75N7PHJVYWWLYP3APHINRCIFLG6UZBI7BFD5J]>, 'score': 77}, {'game_time': 10, 'nickname': 'lucas000', 'player': <Address [type=ACCOUNT, address=GBJ5W7X66THQ7Y3M22K75N7PHJVYWWLYP3APHINRCIFLG6UZBI7BFD5J]>, 'score': 77}, {'game_time': 10, 'nickname': 'lucas000', 'player': <Address [type=ACCOUNT, address=GBJ5W7X66THQ7Y3M22K75N7PHJVYWWLYP3APHINRCIFLG6UZBI7BFD5J]>, 'score': 77}, {'game_time': 10, 'nickname': 'lucas000', 'player': <Address [type=ACCOUNT, address=GBJ5W7X66THQ7Y3M22K75N7PHJVYWWLYP3APHINRCIFLG6UZBI7BFD5J]>, 'score': 77}, {'game_time': 10, 'nickname': 'lucas000', 'player': <Address [type=ACCOUNT, address=GBJ5W7X66THQ7Y3M22K75N7PHJVYWWLYP3APHINRCIFLG6UZBI7BFD5J]>, 'score': 77}]
2025-08-24 12:58:01,279 - __main__ - WARNING - ==============================CREATE_KEYPAIR==============================
2025-08-24 12:58:01,280 - __main__ - INFO - ✅ Keypair criado com sucesso
2025-08-24 12:58:01,280 - __main__ - INFO - 📍 Public Key: GBJ5W7X66THQ7Y3M22K75N7PHJVYWWLYP3APHINRCIFLG6UZBI7BFD5J
2025-08-24 12:58:01,280 - __main__ - INFO - 🔐 Secret Key: SCV4NEXOJDRYDF7HYM3ZP6XAKBENVRKUJUOXIEPALUBIUGIBF6FHZR7M
2025-08-24 12:58:01,282 - __main__ - WARNING - ==============================GET_RANK==============================
2025-08-24 12:58:01,282 - __main__ - INFO - Starting invoke_function for get_rank
2025-08-24 12:58:01,282 - __main__ - INFO - Contract ID: CB5MPSENBBJ264MNUTIH3G5HSGNUENWZZ6353B2OJBSQG6YMPVIZJH63
2025-08-24 12:58:01,282 - __main__ - INFO - Parameters: []
2025-08-24 12:58:01,914 - __main__ - INFO - Loaded account for GBJ5W7X66THQ7Y3M22K75N7PHJVYWWLYP3APHINRCIFLG6UZBI7BFD5J
2025-08-24 12:58:01,914 - __main__ - INFO - Transaction built successfully
2025-08-24 12:58:02,078 - __main__ - INFO - Transaction simulated successfully
2025-08-24 12:58:02,080 - __main__ - INFO - ✅ Resultado:
[{'game_time': 10, 'nickname': 'lucas000', 'player': <Address [type=ACCOUNT, address=GBJ5W7X66THQ7Y3M22K75N7PHJVYWWLYP3APHINRCIFLG6UZBI7BFD5J]>, 'score': 77}, {'game_time': 10, 'nickname': 'lucas000', 'player': <Address [type=ACCOUNT, address=GBJ5W7X66THQ7Y3M22K75N7PHJVYWWLYP3APHINRCIFLG6UZBI7BFD5J]>, 'score': 77}, {'game_time': 10, 'nickname': 'lucas000', 'player': <Address [type=ACCOUNT, address=GBJ5W7X66THQ7Y3M22K75N7PHJVYWWLYP3APHINRCIFLG6UZBI7BFD5J]>, 'score': 77}, {'game_time': 10, 'nickname': 'lucas000', 'player': <Address [type=ACCOUNT, address=GBJ5W7X66THQ7Y3M22K75N7PHJVYWWLYP3APHINRCIFLG6UZBI7BFD5J]>, 'score': 77}, {'game_time': 10, 'nickname': 'lucas000', 'player': <Address [type=ACCOUNT, address=GBJ5W7X66THQ7Y3M22K75N7PHJVYWWLYP3APHINRCIFLG6UZBI7BFD5J]>, 'score': 77}, {'game_time': 10, 'nickname': 'lucas000', 'player': <Address [type=ACCOUNT, address=GBJ5W7X66THQ7Y3M22K75N7PHJVYWWLYP3APHINRCIFLG6UZBI7BFD5J]>, 'score': 77}]
2025-08-24 12:58:02,080 - __main__ - WARNING - ==============================NEW_GAME==============================
2025-08-24 12:58:02,080 - __main__ - INFO - Starting invoke_function for new_game
2025-08-24 12:58:02,080 - __main__ - INFO - Contract ID: CB5MPSENBBJ264MNUTIH3G5HSGNUENWZZ6353B2OJBSQG6YMPVIZJH63
2025-08-24 12:58:02,080 - __main__ - INFO - Parameters: [<SCVal [type=18, address=<SCAddress [type=0, account_id=<AccountID [account_id=<PublicKey [type=0, ed25519=<Uint256 [uint256=b'S\xdb~\xfe\xf4\xcf\x0f\xe3l\xd6\x95\xfe\xb7\xef:k\x8bYx~\xc0\xf3\xa1\xb1\x12\n\xb3z\x99\n>\x12']>]>]>]>]>, <SCVal [type=14, str=<SCString [sc_string=b'lucas000']>]>, <SCVal [type=4, i32=<Int32 [int32=77]>]>, <SCVal [type=4, i32=<Int32 [int32=10]>]>]
2025-08-24 12:58:02,236 - __main__ - INFO - Loaded account for GBJ5W7X66THQ7Y3M22K75N7PHJVYWWLYP3APHINRCIFLG6UZBI7BFD5J
2025-08-24 12:58:02,237 - __main__ - INFO - Transaction built successfully
2025-08-24 12:58:02,400 - __main__ - INFO - Transaction prepared successfully
2025-08-24 12:58:02,401 - __main__ - INFO - Transaction signed successfully
2025-08-24 12:58:02,721 - __main__ - INFO - Transaction sent successfully
2025-08-24 12:58:02,722 - __main__ - INFO - 🔗 https://stellar.expert/explorer/testnet/tx/cbdb06eb964fecec406b49c571fa0afadf84bd589072bfd3af5b4f60a75a0712
2025-08-24 12:58:02,722 - __main__ - INFO - Transaction hash: cbdb06eb964fecec406b49c571fa0afadf84bd589072bfd3af5b4f60a75a0712
2025-08-24 12:58:04,198 - __main__ - INFO - Transaction found after 600ms
2025-08-24 12:58:04,199 - __main__ - INFO - Transaction completed successfully
2025-08-24 12:58:04,199 - __main__ - WARNING - ==============================GET_RANK==============================
2025-08-24 12:58:04,199 - __main__ - INFO - Starting invoke_function for get_rank
2025-08-24 12:58:04,199 - __main__ - INFO - Contract ID: CB5MPSENBBJ264MNUTIH3G5HSGNUENWZZ6353B2OJBSQG6YMPVIZJH63
2025-08-24 12:58:04,199 - __main__ - INFO - Parameters: []
2025-08-24 12:58:04,360 - __main__ - INFO - Loaded account for GBJ5W7X66THQ7Y3M22K75N7PHJVYWWLYP3APHINRCIFLG6UZBI7BFD5J
2025-08-24 12:58:04,361 - __main__ - INFO - Transaction built successfully
2025-08-24 12:58:04,523 - __main__ - INFO - Transaction simulated successfully
2025-08-24 12:58:04,526 - __main__ - INFO - ✅ Resultado:
[{'game_time': 10, 'nickname': 'lucas000', 'player': <Address [type=ACCOUNT, address=GBJ5W7X66THQ7Y3M22K75N7PHJVYWWLYP3APHINRCIFLG6UZBI7BFD5J]>, 'score': 77}, {'game_time': 10, 'nickname': 'lucas000', 'player': <Address [type=ACCOUNT, address=GBJ5W7X66THQ7Y3M22K75N7PHJVYWWLYP3APHINRCIFLG6UZBI7BFD5J]>, 'score': 77}, {'game_time': 10, 'nickname': 'lucas000', 'player': <Address [type=ACCOUNT, address=GBJ5W7X66THQ7Y3M22K75N7PHJVYWWLYP3APHINRCIFLG6UZBI7BFD5J]>, 'score': 77}, {'game_time': 10, 'nickname': 'lucas000', 'player': <Address [type=ACCOUNT, address=GBJ5W7X66THQ7Y3M22K75N7PHJVYWWLYP3APHINRCIFLG6UZBI7BFD5J]>, 'score': 77}, {'game_time': 10, 'nickname': 'lucas000', 'player': <Address [type=ACCOUNT, address=GBJ5W7X66THQ7Y3M22K75N7PHJVYWWLYP3APHINRCIFLG6UZBI7BFD5J]>, 'score': 77}, {'game_time': 10, 'nickname': 'lucas000', 'player': <Address [type=ACCOUNT, address=GBJ5W7X66THQ7Y3M22K75N7PHJVYWWLYP3APHINRCIFLG6UZBI7BFD5J]>, 'score': 77}, {'game_time': 10, 'nickname': 'lucas000', 'player': <Address [type=ACCOUNT, address=GBJ5W7X66THQ7Y3M22K75N7PHJVYWWLYP3APHINRCIFLG6UZBI7BFD5J]>, 'score': 77}]
2025-08-24 13:01:10,521 - __main__ - WARNING - ==============================CREATE_KEYPAIR==============================
2025-08-24 13:01:10,522 - __main__ - INFO - ✅ Keypair criado com sucesso
2025-08-24 13:01:10,522 - __main__ - INFO - 📍 Public Key: GBJ5W7X66THQ7Y3M22K75N7PHJVYWWLYP3APHINRCIFLG6UZBI7BFD5J
2025-08-24 13:01:10,522 - __main__ - INFO - 🔐 Secret Key: SCV4NEXOJDRYDF7HYM3ZP6XAKBENVRKUJUOXIEPALUBIUGIBF6FHZR7M
2025-08-24 13:01:10,524 - __main__ - WARNING - ==============================GET_RANK==============================
2025-08-24 13:01:10,524 - __main__ - INFO - Starting invoke_function for get_rank
2025-08-24 13:01:10,524 - __main__ - INFO - Contract ID: CB5MPSENBBJ264MNUTIH3G5HSGNUENWZZ6353B2OJBSQG6YMPVIZJH63
2025-08-24 13:01:10,524 - __main__ - INFO - Parameters: []
2025-08-24 13:01:11,050 - __main__ - INFO - Loaded account for GBJ5W7X66THQ7Y3M22K75N7PHJVYWWLYP3APHINRCIFLG6UZBI7BFD5J
2025-08-24 13:01:11,051 - __main__ - INFO - Transaction built successfully
2025-08-24 13:01:11,213 - __main__ - INFO - Transaction simulated successfully
2025-08-24 13:01:11,214 - __main__ - INFO - ✅ Resultado:
[{'game_time': 10, 'nickname': 'lucas000', 'player': <Address [type=ACCOUNT, address=GBJ5W7X66THQ7Y3M22K75N7PHJVYWWLYP3APHINRCIFLG6UZBI7BFD5J]>, 'score': 77}, {'game_time': 10, 'nickname': 'lucas000', 'player': <Address [type=ACCOUNT, address=GBJ5W7X66THQ7Y3M22K75N7PHJVYWWLYP3APHINRCIFLG6UZBI7BFD5J]>, 'score': 77}, {'game_time': 10, 'nickname': 'lucas000', 'player': <Address [type=ACCOUNT, address=GBJ5W7X66THQ7Y3M22K75N7PHJVYWWLYP3APHINRCIFLG6UZBI7BFD5J]>, 'score': 77}, {'game_time': 10, 'nickname': 'lucas000', 'player': <Address [type=ACCOUNT, address=GBJ5W7X66THQ7Y3M22K75N7PHJVYWWLYP3APHINRCIFLG6UZBI7BFD5J]>, 'score': 77}, {'game_time': 10, 'nickname': 'lucas000', 'player': <Address [type=ACCOUNT, address=GBJ5W7X66THQ7Y3M22K75N7PHJVYWWLYP3APHINRCIFLG6UZBI7BFD5J]>, 'score': 77}, {'game_time': 10, 'nickname': 'lucas000', 'player': <Address [type=ACCOUNT, address=GBJ5W7X66THQ7Y3M22K75N7PHJVYWWLYP3APHINRCIFLG6UZBI7BFD5J]>, 'score': 77}, {'game_time': 10, 'nickname': 'lucas000', 'player': <Address [type=ACCOUNT, address=GBJ5W7X66THQ7Y3M22K75N7PHJVYWWLYP3APHINRCIFLG6UZBI7BFD5J]>, 'score': 77}]
2025-08-24 13:01:11,215 - __main__ - WARNING - ==============================NEW_GAME==============================
2025-08-24 13:01:11,215 - __main__ - INFO - Starting invoke_function for new_game
2025-08-24 13:01:11,215 - __main__ - INFO - Contract ID: CB5MPSENBBJ264MNUTIH3G5HSGNUENWZZ6353B2OJBSQG6YMPVIZJH63
2025-08-24 13:01:11,215 - __main__ - INFO - Parameters: [<SCVal [type=18, address=<SCAddress [type=0, account_id=<AccountID [account_id=<PublicKey [type=0, ed25519=<Uint256 [uint256=b'S\xdb~\xfe\xf4\xcf\x0f\xe3l\xd6\x95\xfe\xb7\xef:k\x8bYx~\xc0\xf3\xa1\xb1\x12\n\xb3z\x99\n>\x12']>]>]>]>]>, <SCVal [type=14, str=<SCString [sc_string=b'lucas000']>]>, <SCVal [type=4, i32=<Int32 [int32=77]>]>, <SCVal [type=4, i32=<Int32 [int32=10]>]>]
2025-08-24 13:01:11,372 - __main__ - INFO - Loaded account for GBJ5W7X66THQ7Y3M22K75N7PHJVYWWLYP3APHINRCIFLG6UZBI7BFD5J
2025-08-24 13:01:11,372 - __main__ - INFO - Transaction built successfully
2025-08-24 13:01:11,534 - __main__ - INFO - Transaction prepared successfully
2025-08-24 13:01:11,535 - __main__ - INFO - Transaction signed successfully
2025-08-24 13:01:11,693 - __main__ - INFO - Transaction sent successfully
2025-08-24 13:01:11,693 - __main__ - INFO - 🔗 https://stellar.expert/explorer/testnet/tx/7a1f91f21a9a162f9361df0d998cf940f3a2c58680ef986e963d0e25dfc7e0fb
2025-08-24 13:01:11,693 - __main__ - INFO - Transaction hash: 7a1f91f21a9a162f9361df0d998cf940f3a2c58680ef986e963d0e25dfc7e0fb
2025-08-24 13:01:14,463 - __main__ - INFO - Transaction found after 1100ms
2025-08-24 13:01:14,464 - __main__ - INFO - Transaction completed successfully
2025-08-24 13:01:14,464 - __main__ - WARNING - ==============================GET_RANK==============================
2025-08-24 13:01:14,464 - __main__ - INFO - Starting invoke_function for get_rank
2025-08-24 13:01:14,464 - __main__ - INFO - Contract ID: CB5MPSENBBJ264MNUTIH3G5HSGNUENWZZ6353B2OJBSQG6YMPVIZJH63
2025-08-24 13:01:14,464 - __main__ - INFO - Parameters: []
2025-08-24 13:01:14,617 - __main__ - INFO - Loaded account for GBJ5W7X66THQ7Y3M22K75N7PHJVYWWLYP3APHINRCIFLG6UZBI7BFD5J
2025-08-24 13:01:14,618 - __main__ - INFO - Transaction built successfully
2025-08-24 13:01:14,778 - __main__ - INFO - Transaction simulated successfully
2025-08-24 13:01:14,781 - __main__ - INFO - ✅ Resultado:
[{'game_time': 10, 'nickname': 'lucas000', 'player': <Address [type=ACCOUNT, address=GBJ5W7X66THQ7Y3M22K75N7PHJVYWWLYP3APHINRCIFLG6UZBI7BFD5J]>, 'score': 77}, {'game_time': 10, 'nickname': 'lucas000', 'player': <Address [type=ACCOUNT, address=GBJ5W7X66THQ7Y3M22K75N7PHJVYWWLYP3APHINRCIFLG6UZBI7BFD5J]>, 'score': 77}, {'game_time': 10, 'nickname': 'lucas000', 'player': <Address [type=ACCOUNT, address=GBJ5W7X66THQ7Y3M22K75N7PHJVYWWLYP3APHINRCIFLG6UZBI7BFD5J]>, 'score': 77}, {'game_time': 10, 'nickname': 'lucas000', 'player': <Address [type=ACCOUNT, address=GBJ5W7X66THQ7Y3M22K75N7PHJVYWWLYP3APHINRCIFLG6UZBI7BFD5J]>, 'score': 77}, {'game_time': 10, 'nickname': 'lucas000', 'player': <Address [type=ACCOUNT, address=GBJ5W7X66THQ7Y3M22K75N7PHJVYWWLYP3APHINRCIFLG6UZBI7BFD5J]>, 'score': 77}, {'game_time': 10, 'nickname': 'lucas000', 'player': <Address [type=ACCOUNT, address=GBJ5W7X66THQ7Y3M22K75N7PHJVYWWLYP3APHINRCIFLG6UZBI7BFD5J]>, 'score': 77}, {'game_time': 10, 'nickname': 'lucas000', 'player': <Address [type=ACCOUNT, address=GBJ5W7X66THQ7Y3M22K75N7PHJVYWWLYP3APHINRCIFLG6UZBI7BFD5J]>, 'score': 77}, {'game_time': 10, 'nickname': 'lucas000', 'player': <Address [type=ACCOUNT, address=GBJ5W7X66THQ7Y3M22K75N7PHJVYWWLYP3APHINRCIFLG6UZBI7BFD5J]>, 'score': 77}]
